<?xml version="1.0" encoding="UTF-8"?>
<testsuite xmlns:xsi="http://www.w3.org/2001/XMLSchema-instance" xsi:noNamespaceSchemaLocation="https://maven.apache.org/surefire/maven-surefire-plugin/xsd/surefire-test-report-3.0.xsd" version="3.0" name="stepdefinitions.TestRunner" time="11.075" tests="2" errors="2" skipped="0" failures="0">
  <properties>
    <property name="java.specification.version" value="23"/>
    <property name="sun.jnu.encoding" value="UTF-8"/>
    <property name="java.class.path" value="/Users/shalini/Documents/Projects/automation-project/target/test-classes:/Users/shalini/Documents/Projects/automation-project/target/classes:/Users/shalini/.m2/repository/junit/junit/4.13.2/junit-4.13.2.jar:/Users/shalini/.m2/repository/org/hamcrest/hamcrest-core/1.3/hamcrest-core-1.3.jar:/Users/shalini/.m2/repository/io/github/bonigarcia/webdrivermanager/5.7.0/webdrivermanager-5.7.0.jar:/Users/shalini/.m2/repository/org/slf4j/slf4j-api/2.0.12/slf4j-api-2.0.12.jar:/Users/shalini/.m2/repository/com/google/code/gson/gson/2.10.1/gson-2.10.1.jar:/Users/shalini/.m2/repository/com/github/docker-java/docker-java/3.3.5/docker-java-3.3.5.jar:/Users/shalini/.m2/repository/com/github/docker-java/docker-java-core/3.3.5/docker-java-core-3.3.5.jar:/Users/shalini/.m2/repository/com/github/docker-java/docker-java-api/3.3.5/docker-java-api-3.3.5.jar:/Users/shalini/.m2/repository/com/fasterxml/jackson/core/jackson-annotations/2.10.3/jackson-annotations-2.10.3.jar:/Users/shalini/.m2/repository/com/fasterxml/jackson/core/jackson-databind/2.10.3/jackson-databind-2.10.3.jar:/Users/shalini/.m2/repository/com/fasterxml/jackson/core/jackson-core/2.10.3/jackson-core-2.10.3.jar:/Users/shalini/.m2/repository/org/bouncycastle/bcpkix-jdk18on/1.76/bcpkix-jdk18on-1.76.jar:/Users/shalini/.m2/repository/org/bouncycastle/bcprov-jdk18on/1.76/bcprov-jdk18on-1.76.jar:/Users/shalini/.m2/repository/org/bouncycastle/bcutil-jdk18on/1.76/bcutil-jdk18on-1.76.jar:/Users/shalini/.m2/repository/org/slf4j/jcl-over-slf4j/1.7.30/jcl-over-slf4j-1.7.30.jar:/Users/shalini/.m2/repository/com/github/docker-java/docker-java-transport-httpclient5/3.3.5/docker-java-transport-httpclient5-3.3.5.jar:/Users/shalini/.m2/repository/com/github/docker-java/docker-java-transport/3.3.5/docker-java-transport-3.3.5.jar:/Users/shalini/.m2/repository/net/java/dev/jna/jna/5.13.0/jna-5.13.0.jar:/Users/shalini/.m2/repository/org/brotli/dec/0.1.2/dec-0.1.2.jar:/Users/shalini/.m2/repository/org/apache/commons/commons-lang3/3.14.0/commons-lang3-3.14.0.jar:/Users/shalini/.m2/repository/org/apache/commons/commons-compress/1.26.0/commons-compress-1.26.0.jar:/Users/shalini/.m2/repository/commons-io/commons-io/2.15.1/commons-io-2.15.1.jar:/Users/shalini/.m2/repository/org/apache/httpcomponents/client5/httpclient5/5.2.1/httpclient5-5.2.1.jar:/Users/shalini/.m2/repository/org/apache/httpcomponents/core5/httpcore5/5.2/httpcore5-5.2.jar:/Users/shalini/.m2/repository/org/apache/httpcomponents/core5/httpcore5-h2/5.2/httpcore5-h2-5.2.jar:/Users/shalini/.m2/repository/org/seleniumhq/selenium/selenium-java/4.5.0/selenium-java-4.5.0.jar:/Users/shalini/.m2/repository/org/seleniumhq/selenium/selenium-api/4.5.0/selenium-api-4.5.0.jar:/Users/shalini/.m2/repository/org/seleniumhq/selenium/selenium-chrome-driver/4.5.0/selenium-chrome-driver-4.5.0.jar:/Users/shalini/.m2/repository/com/google/auto/service/auto-service-annotations/1.0.1/auto-service-annotations-1.0.1.jar:/Users/shalini/.m2/repository/com/google/auto/service/auto-service/1.0.1/auto-service-1.0.1.jar:/Users/shalini/.m2/repository/com/google/auto/auto-common/1.2/auto-common-1.2.jar:/Users/shalini/.m2/repository/com/google/guava/guava/31.1-jre/guava-31.1-jre.jar:/Users/shalini/.m2/repository/com/google/guava/failureaccess/1.0.1/failureaccess-1.0.1.jar:/Users/shalini/.m2/repository/com/google/guava/listenablefuture/9999.0-empty-to-avoid-conflict-with-guava/listenablefuture-9999.0-empty-to-avoid-conflict-with-guava.jar:/Users/shalini/.m2/repository/com/google/code/findbugs/jsr305/3.0.2/jsr305-3.0.2.jar:/Users/shalini/.m2/repository/org/checkerframework/checker-qual/3.12.0/checker-qual-3.12.0.jar:/Users/shalini/.m2/repository/com/google/errorprone/error_prone_annotations/2.11.0/error_prone_annotations-2.11.0.jar:/Users/shalini/.m2/repository/com/google/j2objc/j2objc-annotations/1.3/j2objc-annotations-1.3.jar:/Users/shalini/.m2/repository/org/seleniumhq/selenium/selenium-chromium-driver/4.5.0/selenium-chromium-driver-4.5.0.jar:/Users/shalini/.m2/repository/org/seleniumhq/selenium/selenium-json/4.5.0/selenium-json-4.5.0.jar:/Users/shalini/.m2/repository/org/seleniumhq/selenium/selenium-devtools-v104/4.5.0/selenium-devtools-v104-4.5.0.jar:/Users/shalini/.m2/repository/org/seleniumhq/selenium/selenium-devtools-v105/4.5.0/selenium-devtools-v105-4.5.0.jar:/Users/shalini/.m2/repository/org/seleniumhq/selenium/selenium-devtools-v106/4.5.0/selenium-devtools-v106-4.5.0.jar:/Users/shalini/.m2/repository/org/seleniumhq/selenium/selenium-devtools-v85/4.5.0/selenium-devtools-v85-4.5.0.jar:/Users/shalini/.m2/repository/org/seleniumhq/selenium/selenium-edge-driver/4.5.0/selenium-edge-driver-4.5.0.jar:/Users/shalini/.m2/repository/org/seleniumhq/selenium/selenium-firefox-driver/4.5.0/selenium-firefox-driver-4.5.0.jar:/Users/shalini/.m2/repository/org/seleniumhq/selenium/selenium-ie-driver/4.5.0/selenium-ie-driver-4.5.0.jar:/Users/shalini/.m2/repository/org/seleniumhq/selenium/selenium-remote-driver/4.5.0/selenium-remote-driver-4.5.0.jar:/Users/shalini/.m2/repository/com/beust/jcommander/1.82/jcommander-1.82.jar:/Users/shalini/.m2/repository/io/netty/netty-buffer/4.1.79.Final/netty-buffer-4.1.79.Final.jar:/Users/shalini/.m2/repository/io/netty/netty-codec-http/4.1.79.Final/netty-codec-http-4.1.79.Final.jar:/Users/shalini/.m2/repository/io/netty/netty-codec/4.1.79.Final/netty-codec-4.1.79.Final.jar:/Users/shalini/.m2/repository/io/netty/netty-handler/4.1.79.Final/netty-handler-4.1.79.Final.jar:/Users/shalini/.m2/repository/io/netty/netty-common/4.1.79.Final/netty-common-4.1.79.Final.jar:/Users/shalini/.m2/repository/io/netty/netty-transport-classes-epoll/4.1.79.Final/netty-transport-classes-epoll-4.1.79.Final.jar:/Users/shalini/.m2/repository/io/netty/netty-transport-classes-kqueue/4.1.79.Final/netty-transport-classes-kqueue-4.1.79.Final.jar:/Users/shalini/.m2/repository/io/netty/netty-transport-native-epoll/4.1.79.Final/netty-transport-native-epoll-4.1.79.Final.jar:/Users/shalini/.m2/repository/io/netty/netty-transport-native-kqueue/4.1.79.Final/netty-transport-native-kqueue-4.1.79.Final.jar:/Users/shalini/.m2/repository/io/netty/netty-transport-native-unix-common/4.1.79.Final/netty-transport-native-unix-common-4.1.79.Final.jar:/Users/shalini/.m2/repository/io/netty/netty-transport/4.1.79.Final/netty-transport-4.1.79.Final.jar:/Users/shalini/.m2/repository/io/netty/netty-resolver/4.1.79.Final/netty-resolver-4.1.79.Final.jar:/Users/shalini/.m2/repository/io/opentelemetry/opentelemetry-api/1.17.0/opentelemetry-api-1.17.0.jar:/Users/shalini/.m2/repository/io/opentelemetry/opentelemetry-context/1.17.0/opentelemetry-context-1.17.0.jar:/Users/shalini/.m2/repository/io/opentelemetry/opentelemetry-exporter-logging/1.17.0/opentelemetry-exporter-logging-1.17.0.jar:/Users/shalini/.m2/repository/io/opentelemetry/opentelemetry-sdk-metrics/1.17.0/opentelemetry-sdk-metrics-1.17.0.jar:/Users/shalini/.m2/repository/io/opentelemetry/opentelemetry-sdk-logs/1.17.0-alpha/opentelemetry-sdk-logs-1.17.0-alpha.jar:/Users/shalini/.m2/repository/io/opentelemetry/opentelemetry-sdk-common/1.17.0/opentelemetry-sdk-common-1.17.0.jar:/Users/shalini/.m2/repository/io/opentelemetry/opentelemetry-sdk-extension-autoconfigure-spi/1.17.0/opentelemetry-sdk-extension-autoconfigure-spi-1.17.0.jar:/Users/shalini/.m2/repository/io/opentelemetry/opentelemetry-sdk-extension-autoconfigure/1.17.0-alpha/opentelemetry-sdk-extension-autoconfigure-1.17.0-alpha.jar:/Users/shalini/.m2/repository/io/opentelemetry/opentelemetry-exporter-common/1.17.0/opentelemetry-exporter-common-1.17.0.jar:/Users/shalini/.m2/repository/io/opentelemetry/opentelemetry-sdk-trace/1.17.0/opentelemetry-sdk-trace-1.17.0.jar:/Users/shalini/.m2/repository/io/opentelemetry/opentelemetry-sdk/1.17.0/opentelemetry-sdk-1.17.0.jar:/Users/shalini/.m2/repository/io/opentelemetry/opentelemetry-semconv/1.17.0-alpha/opentelemetry-semconv-1.17.0-alpha.jar:/Users/shalini/.m2/repository/io/ous/jtoml/2.0.0/jtoml-2.0.0.jar:/Users/shalini/.m2/repository/net/bytebuddy/byte-buddy/1.12.14/byte-buddy-1.12.14.jar:/Users/shalini/.m2/repository/org/apache/commons/commons-exec/1.3/commons-exec-1.3.jar:/Users/shalini/.m2/repository/org/asynchttpclient/async-http-client/2.12.3/async-http-client-2.12.3.jar:/Users/shalini/.m2/repository/org/asynchttpclient/async-http-client-netty-utils/2.12.3/async-http-client-netty-utils-2.12.3.jar:/Users/shalini/.m2/repository/io/netty/netty-codec-socks/4.1.60.Final/netty-codec-socks-4.1.60.Final.jar:/Users/shalini/.m2/repository/io/netty/netty-handler-proxy/4.1.60.Final/netty-handler-proxy-4.1.60.Final.jar:/Users/shalini/.m2/repository/io/netty/netty-transport-native-epoll/4.1.60.Final/netty-transport-native-epoll-4.1.60.Final-linux-x86_64.jar:/Users/shalini/.m2/repository/io/netty/netty-transport-native-kqueue/4.1.60.Final/netty-transport-native-kqueue-4.1.60.Final-osx-x86_64.jar:/Users/shalini/.m2/repository/org/reactivestreams/reactive-streams/1.0.3/reactive-streams-1.0.3.jar:/Users/shalini/.m2/repository/com/typesafe/netty/netty-reactive-streams/2.0.4/netty-reactive-streams-2.0.4.jar:/Users/shalini/.m2/repository/com/sun/activation/jakarta.activation/1.2.2/jakarta.activation-1.2.2.jar:/Users/shalini/.m2/repository/org/seleniumhq/selenium/selenium-http/4.5.0/selenium-http-4.5.0.jar:/Users/shalini/.m2/repository/dev/failsafe/failsafe/3.2.4/failsafe-3.2.4.jar:/Users/shalini/.m2/repository/org/seleniumhq/selenium/selenium-safari-driver/4.5.0/selenium-safari-driver-4.5.0.jar:/Users/shalini/.m2/repository/org/seleniumhq/selenium/selenium-support/4.5.0/selenium-support-4.5.0.jar:/Users/shalini/.m2/repository/io/cucumber/cucumber-java/7.10.1/cucumber-java-7.10.1.jar:/Users/shalini/.m2/repository/io/cucumber/cucumber-core/7.10.1/cucumber-core-7.10.1.jar:/Users/shalini/.m2/repository/io/cucumber/cucumber-gherkin/7.10.1/cucumber-gherkin-7.10.1.jar:/Users/shalini/.m2/repository/io/cucumber/cucumber-gherkin-messages/7.10.1/cucumber-gherkin-messages-7.10.1.jar:/Users/shalini/.m2/repository/io/cucumber/gherkin/25.0.2/gherkin-25.0.2.jar:/Users/shalini/.m2/repository/io/cucumber/messages/19.1.4/messages-19.1.4.jar:/Users/shalini/.m2/repository/io/cucumber/tag-expressions/4.1.0/tag-expressions-4.1.0.jar:/Users/shalini/.m2/repository/io/cucumber/cucumber-expressions/16.1.1/cucumber-expressions-16.1.1.jar:/Users/shalini/.m2/repository/io/cucumber/datatable/7.10.1/datatable-7.10.1.jar:/Users/shalini/.m2/repository/io/cucumber/cucumber-plugin/7.10.1/cucumber-plugin-7.10.1.jar:/Users/shalini/.m2/repository/io/cucumber/docstring/7.10.1/docstring-7.10.1.jar:/Users/shalini/.m2/repository/io/cucumber/html-formatter/20.2.0/html-formatter-20.2.0.jar:/Users/shalini/.m2/repository/io/cucumber/ci-environment/9.1.0/ci-environment-9.1.0.jar:/Users/shalini/.m2/repository/org/apiguardian/apiguardian-api/1.1.2/apiguardian-api-1.1.2.jar:/Users/shalini/.m2/repository/io/cucumber/cucumber-junit/7.10.1/cucumber-junit-7.10.1.jar:"/>
    <property name="java.vm.vendor" value="Oracle Corporation"/>
    <property name="sun.arch.data.model" value="64"/>
    <property name="java.vendor.url" value="https://java.oracle.com/"/>
    <property name="os.name" value="Mac OS X"/>
    <property name="java.vm.specification.version" value="23"/>
    <property name="sun.java.launcher" value="SUN_STANDARD"/>
    <property name="user.country" value="GB"/>
    <property name="sun.boot.library.path" value="/Users/shalini/Documents/jdk-23.0.2.jdk/Contents/Home/lib"/>
    <property name="sun.java.command" value="/Users/shalini/Documents/Projects/automation-project/target/surefire/surefirebooter-20250228043047544_3.jar /Users/shalini/Documents/Projects/automation-project/target/surefire 2025-02-28T04-30-47_404-jvmRun1 surefire-20250228043047544_1tmp surefire_0-20250228043047544_2tmp"/>
    <property name="http.nonProxyHosts" value="local|*.local|169.254/16|*.169.254/16"/>
    <property name="jdk.debug" value="release"/>
    <property name="surefire.test.class.path" value="/Users/shalini/Documents/Projects/automation-project/target/test-classes:/Users/shalini/Documents/Projects/automation-project/target/classes:/Users/shalini/.m2/repository/junit/junit/4.13.2/junit-4.13.2.jar:/Users/shalini/.m2/repository/org/hamcrest/hamcrest-core/1.3/hamcrest-core-1.3.jar:/Users/shalini/.m2/repository/io/github/bonigarcia/webdrivermanager/5.7.0/webdrivermanager-5.7.0.jar:/Users/shalini/.m2/repository/org/slf4j/slf4j-api/2.0.12/slf4j-api-2.0.12.jar:/Users/shalini/.m2/repository/com/google/code/gson/gson/2.10.1/gson-2.10.1.jar:/Users/shalini/.m2/repository/com/github/docker-java/docker-java/3.3.5/docker-java-3.3.5.jar:/Users/shalini/.m2/repository/com/github/docker-java/docker-java-core/3.3.5/docker-java-core-3.3.5.jar:/Users/shalini/.m2/repository/com/github/docker-java/docker-java-api/3.3.5/docker-java-api-3.3.5.jar:/Users/shalini/.m2/repository/com/fasterxml/jackson/core/jackson-annotations/2.10.3/jackson-annotations-2.10.3.jar:/Users/shalini/.m2/repository/com/fasterxml/jackson/core/jackson-databind/2.10.3/jackson-databind-2.10.3.jar:/Users/shalini/.m2/repository/com/fasterxml/jackson/core/jackson-core/2.10.3/jackson-core-2.10.3.jar:/Users/shalini/.m2/repository/org/bouncycastle/bcpkix-jdk18on/1.76/bcpkix-jdk18on-1.76.jar:/Users/shalini/.m2/repository/org/bouncycastle/bcprov-jdk18on/1.76/bcprov-jdk18on-1.76.jar:/Users/shalini/.m2/repository/org/bouncycastle/bcutil-jdk18on/1.76/bcutil-jdk18on-1.76.jar:/Users/shalini/.m2/repository/org/slf4j/jcl-over-slf4j/1.7.30/jcl-over-slf4j-1.7.30.jar:/Users/shalini/.m2/repository/com/github/docker-java/docker-java-transport-httpclient5/3.3.5/docker-java-transport-httpclient5-3.3.5.jar:/Users/shalini/.m2/repository/com/github/docker-java/docker-java-transport/3.3.5/docker-java-transport-3.3.5.jar:/Users/shalini/.m2/repository/net/java/dev/jna/jna/5.13.0/jna-5.13.0.jar:/Users/shalini/.m2/repository/org/brotli/dec/0.1.2/dec-0.1.2.jar:/Users/shalini/.m2/repository/org/apache/commons/commons-lang3/3.14.0/commons-lang3-3.14.0.jar:/Users/shalini/.m2/repository/org/apache/commons/commons-compress/1.26.0/commons-compress-1.26.0.jar:/Users/shalini/.m2/repository/commons-io/commons-io/2.15.1/commons-io-2.15.1.jar:/Users/shalini/.m2/repository/org/apache/httpcomponents/client5/httpclient5/5.2.1/httpclient5-5.2.1.jar:/Users/shalini/.m2/repository/org/apache/httpcomponents/core5/httpcore5/5.2/httpcore5-5.2.jar:/Users/shalini/.m2/repository/org/apache/httpcomponents/core5/httpcore5-h2/5.2/httpcore5-h2-5.2.jar:/Users/shalini/.m2/repository/org/seleniumhq/selenium/selenium-java/4.5.0/selenium-java-4.5.0.jar:/Users/shalini/.m2/repository/org/seleniumhq/selenium/selenium-api/4.5.0/selenium-api-4.5.0.jar:/Users/shalini/.m2/repository/org/seleniumhq/selenium/selenium-chrome-driver/4.5.0/selenium-chrome-driver-4.5.0.jar:/Users/shalini/.m2/repository/com/google/auto/service/auto-service-annotations/1.0.1/auto-service-annotations-1.0.1.jar:/Users/shalini/.m2/repository/com/google/auto/service/auto-service/1.0.1/auto-service-1.0.1.jar:/Users/shalini/.m2/repository/com/google/auto/auto-common/1.2/auto-common-1.2.jar:/Users/shalini/.m2/repository/com/google/guava/guava/31.1-jre/guava-31.1-jre.jar:/Users/shalini/.m2/repository/com/google/guava/failureaccess/1.0.1/failureaccess-1.0.1.jar:/Users/shalini/.m2/repository/com/google/guava/listenablefuture/9999.0-empty-to-avoid-conflict-with-guava/listenablefuture-9999.0-empty-to-avoid-conflict-with-guava.jar:/Users/shalini/.m2/repository/com/google/code/findbugs/jsr305/3.0.2/jsr305-3.0.2.jar:/Users/shalini/.m2/repository/org/checkerframework/checker-qual/3.12.0/checker-qual-3.12.0.jar:/Users/shalini/.m2/repository/com/google/errorprone/error_prone_annotations/2.11.0/error_prone_annotations-2.11.0.jar:/Users/shalini/.m2/repository/com/google/j2objc/j2objc-annotations/1.3/j2objc-annotations-1.3.jar:/Users/shalini/.m2/repository/org/seleniumhq/selenium/selenium-chromium-driver/4.5.0/selenium-chromium-driver-4.5.0.jar:/Users/shalini/.m2/repository/org/seleniumhq/selenium/selenium-json/4.5.0/selenium-json-4.5.0.jar:/Users/shalini/.m2/repository/org/seleniumhq/selenium/selenium-devtools-v104/4.5.0/selenium-devtools-v104-4.5.0.jar:/Users/shalini/.m2/repository/org/seleniumhq/selenium/selenium-devtools-v105/4.5.0/selenium-devtools-v105-4.5.0.jar:/Users/shalini/.m2/repository/org/seleniumhq/selenium/selenium-devtools-v106/4.5.0/selenium-devtools-v106-4.5.0.jar:/Users/shalini/.m2/repository/org/seleniumhq/selenium/selenium-devtools-v85/4.5.0/selenium-devtools-v85-4.5.0.jar:/Users/shalini/.m2/repository/org/seleniumhq/selenium/selenium-edge-driver/4.5.0/selenium-edge-driver-4.5.0.jar:/Users/shalini/.m2/repository/org/seleniumhq/selenium/selenium-firefox-driver/4.5.0/selenium-firefox-driver-4.5.0.jar:/Users/shalini/.m2/repository/org/seleniumhq/selenium/selenium-ie-driver/4.5.0/selenium-ie-driver-4.5.0.jar:/Users/shalini/.m2/repository/org/seleniumhq/selenium/selenium-remote-driver/4.5.0/selenium-remote-driver-4.5.0.jar:/Users/shalini/.m2/repository/com/beust/jcommander/1.82/jcommander-1.82.jar:/Users/shalini/.m2/repository/io/netty/netty-buffer/4.1.79.Final/netty-buffer-4.1.79.Final.jar:/Users/shalini/.m2/repository/io/netty/netty-codec-http/4.1.79.Final/netty-codec-http-4.1.79.Final.jar:/Users/shalini/.m2/repository/io/netty/netty-codec/4.1.79.Final/netty-codec-4.1.79.Final.jar:/Users/shalini/.m2/repository/io/netty/netty-handler/4.1.79.Final/netty-handler-4.1.79.Final.jar:/Users/shalini/.m2/repository/io/netty/netty-common/4.1.79.Final/netty-common-4.1.79.Final.jar:/Users/shalini/.m2/repository/io/netty/netty-transport-classes-epoll/4.1.79.Final/netty-transport-classes-epoll-4.1.79.Final.jar:/Users/shalini/.m2/repository/io/netty/netty-transport-classes-kqueue/4.1.79.Final/netty-transport-classes-kqueue-4.1.79.Final.jar:/Users/shalini/.m2/repository/io/netty/netty-transport-native-epoll/4.1.79.Final/netty-transport-native-epoll-4.1.79.Final.jar:/Users/shalini/.m2/repository/io/netty/netty-transport-native-kqueue/4.1.79.Final/netty-transport-native-kqueue-4.1.79.Final.jar:/Users/shalini/.m2/repository/io/netty/netty-transport-native-unix-common/4.1.79.Final/netty-transport-native-unix-common-4.1.79.Final.jar:/Users/shalini/.m2/repository/io/netty/netty-transport/4.1.79.Final/netty-transport-4.1.79.Final.jar:/Users/shalini/.m2/repository/io/netty/netty-resolver/4.1.79.Final/netty-resolver-4.1.79.Final.jar:/Users/shalini/.m2/repository/io/opentelemetry/opentelemetry-api/1.17.0/opentelemetry-api-1.17.0.jar:/Users/shalini/.m2/repository/io/opentelemetry/opentelemetry-context/1.17.0/opentelemetry-context-1.17.0.jar:/Users/shalini/.m2/repository/io/opentelemetry/opentelemetry-exporter-logging/1.17.0/opentelemetry-exporter-logging-1.17.0.jar:/Users/shalini/.m2/repository/io/opentelemetry/opentelemetry-sdk-metrics/1.17.0/opentelemetry-sdk-metrics-1.17.0.jar:/Users/shalini/.m2/repository/io/opentelemetry/opentelemetry-sdk-logs/1.17.0-alpha/opentelemetry-sdk-logs-1.17.0-alpha.jar:/Users/shalini/.m2/repository/io/opentelemetry/opentelemetry-sdk-common/1.17.0/opentelemetry-sdk-common-1.17.0.jar:/Users/shalini/.m2/repository/io/opentelemetry/opentelemetry-sdk-extension-autoconfigure-spi/1.17.0/opentelemetry-sdk-extension-autoconfigure-spi-1.17.0.jar:/Users/shalini/.m2/repository/io/opentelemetry/opentelemetry-sdk-extension-autoconfigure/1.17.0-alpha/opentelemetry-sdk-extension-autoconfigure-1.17.0-alpha.jar:/Users/shalini/.m2/repository/io/opentelemetry/opentelemetry-exporter-common/1.17.0/opentelemetry-exporter-common-1.17.0.jar:/Users/shalini/.m2/repository/io/opentelemetry/opentelemetry-sdk-trace/1.17.0/opentelemetry-sdk-trace-1.17.0.jar:/Users/shalini/.m2/repository/io/opentelemetry/opentelemetry-sdk/1.17.0/opentelemetry-sdk-1.17.0.jar:/Users/shalini/.m2/repository/io/opentelemetry/opentelemetry-semconv/1.17.0-alpha/opentelemetry-semconv-1.17.0-alpha.jar:/Users/shalini/.m2/repository/io/ous/jtoml/2.0.0/jtoml-2.0.0.jar:/Users/shalini/.m2/repository/net/bytebuddy/byte-buddy/1.12.14/byte-buddy-1.12.14.jar:/Users/shalini/.m2/repository/org/apache/commons/commons-exec/1.3/commons-exec-1.3.jar:/Users/shalini/.m2/repository/org/asynchttpclient/async-http-client/2.12.3/async-http-client-2.12.3.jar:/Users/shalini/.m2/repository/org/asynchttpclient/async-http-client-netty-utils/2.12.3/async-http-client-netty-utils-2.12.3.jar:/Users/shalini/.m2/repository/io/netty/netty-codec-socks/4.1.60.Final/netty-codec-socks-4.1.60.Final.jar:/Users/shalini/.m2/repository/io/netty/netty-handler-proxy/4.1.60.Final/netty-handler-proxy-4.1.60.Final.jar:/Users/shalini/.m2/repository/io/netty/netty-transport-native-epoll/4.1.60.Final/netty-transport-native-epoll-4.1.60.Final-linux-x86_64.jar:/Users/shalini/.m2/repository/io/netty/netty-transport-native-kqueue/4.1.60.Final/netty-transport-native-kqueue-4.1.60.Final-osx-x86_64.jar:/Users/shalini/.m2/repository/org/reactivestreams/reactive-streams/1.0.3/reactive-streams-1.0.3.jar:/Users/shalini/.m2/repository/com/typesafe/netty/netty-reactive-streams/2.0.4/netty-reactive-streams-2.0.4.jar:/Users/shalini/.m2/repository/com/sun/activation/jakarta.activation/1.2.2/jakarta.activation-1.2.2.jar:/Users/shalini/.m2/repository/org/seleniumhq/selenium/selenium-http/4.5.0/selenium-http-4.5.0.jar:/Users/shalini/.m2/repository/dev/failsafe/failsafe/3.2.4/failsafe-3.2.4.jar:/Users/shalini/.m2/repository/org/seleniumhq/selenium/selenium-safari-driver/4.5.0/selenium-safari-driver-4.5.0.jar:/Users/shalini/.m2/repository/org/seleniumhq/selenium/selenium-support/4.5.0/selenium-support-4.5.0.jar:/Users/shalini/.m2/repository/io/cucumber/cucumber-java/7.10.1/cucumber-java-7.10.1.jar:/Users/shalini/.m2/repository/io/cucumber/cucumber-core/7.10.1/cucumber-core-7.10.1.jar:/Users/shalini/.m2/repository/io/cucumber/cucumber-gherkin/7.10.1/cucumber-gherkin-7.10.1.jar:/Users/shalini/.m2/repository/io/cucumber/cucumber-gherkin-messages/7.10.1/cucumber-gherkin-messages-7.10.1.jar:/Users/shalini/.m2/repository/io/cucumber/gherkin/25.0.2/gherkin-25.0.2.jar:/Users/shalini/.m2/repository/io/cucumber/messages/19.1.4/messages-19.1.4.jar:/Users/shalini/.m2/repository/io/cucumber/tag-expressions/4.1.0/tag-expressions-4.1.0.jar:/Users/shalini/.m2/repository/io/cucumber/cucumber-expressions/16.1.1/cucumber-expressions-16.1.1.jar:/Users/shalini/.m2/repository/io/cucumber/datatable/7.10.1/datatable-7.10.1.jar:/Users/shalini/.m2/repository/io/cucumber/cucumber-plugin/7.10.1/cucumber-plugin-7.10.1.jar:/Users/shalini/.m2/repository/io/cucumber/docstring/7.10.1/docstring-7.10.1.jar:/Users/shalini/.m2/repository/io/cucumber/html-formatter/20.2.0/html-formatter-20.2.0.jar:/Users/shalini/.m2/repository/io/cucumber/ci-environment/9.1.0/ci-environment-9.1.0.jar:/Users/shalini/.m2/repository/org/apiguardian/apiguardian-api/1.1.2/apiguardian-api-1.1.2.jar:/Users/shalini/.m2/repository/io/cucumber/cucumber-junit/7.10.1/cucumber-junit-7.10.1.jar:"/>
    <property name="sun.cpu.endian" value="little"/>
    <property name="user.home" value="/Users/shalini"/>
    <property name="user.language" value="en"/>
    <property name="java.specification.vendor" value="Oracle Corporation"/>
    <property name="java.version.date" value="2025-01-21"/>
    <property name="java.home" value="/Users/shalini/Documents/jdk-23.0.2.jdk/Contents/Home"/>
    <property name="file.separator" value="/"/>
    <property name="basedir" value="/Users/shalini/Documents/Projects/automation-project"/>
    <property name="java.vm.compressedOopsMode" value="Zero based"/>
    <property name="line.separator" value="&#10;"/>
    <property name="java.vm.specification.vendor" value="Oracle Corporation"/>
    <property name="java.specification.name" value="Java Platform API Specification"/>
    <property name="apple.awt.application.name" value="ForkedBooter"/>
    <property name="surefire.real.class.path" value="/Users/shalini/Documents/Projects/automation-project/target/surefire/surefirebooter-20250228043047544_3.jar"/>
    <property name="webdriver.chrome.verboseLogging" value="true"/>
    <property name="sun.management.compiler" value="HotSpot 64-Bit Tiered Compilers"/>
    <property name="ftp.nonProxyHosts" value="local|*.local|169.254/16|*.169.254/16"/>
    <property name="java.runtime.version" value="23.0.2+7-58"/>
    <property name="user.name" value="shalini"/>
    <property name="stdout.encoding" value="UTF-8"/>
    <property name="path.separator" value=":"/>
    <property name="os.version" value="14.2.1"/>
    <property name="java.runtime.name" value="OpenJDK Runtime Environment"/>
    <property name="file.encoding" value="UTF-8"/>
    <property name="java.vm.name" value="OpenJDK 64-Bit Server VM"/>
    <property name="localRepository" value="/Users/shalini/.m2/repository"/>
    <property name="java.vendor.url.bug" value="https://bugreport.java.com/bugreport/"/>
    <property name="java.io.tmpdir" value="/var/folders/nk/yf408v2j3b3_tjmbk2nmxrp00000gn/T/"/>
    <property name="java.version" value="23.0.2"/>
    <property name="user.dir" value="/Users/shalini/Documents/Projects/automation-project"/>
    <property name="os.arch" value="x86_64"/>
    <property name="java.vm.specification.name" value="Java Virtual Machine Specification"/>
    <property name="native.encoding" value="UTF-8"/>
    <property name="java.library.path" value="/Users/shalini/Library/Java/Extensions:/Library/Java/Extensions:/Network/Library/Java/Extensions:/System/Library/Java/Extensions:/usr/lib/java:."/>
    <property name="java.vm.info" value="mixed mode, sharing"/>
    <property name="stderr.encoding" value="UTF-8"/>
    <property name="java.vendor" value="Oracle Corporation"/>
    <property name="java.vm.version" value="23.0.2+7-58"/>
    <property name="sun.io.unicode.encoding" value="UnicodeBig"/>
    <property name="socksNonProxyHosts" value="local|*.local|169.254/16|*.169.254/16"/>
    <property name="java.class.version" value="67.0"/>
  </properties>
  <testcase name="Search for a valid keyword on Google" classname="Google Search Functionality" time="5.848">
    <error message="Unable to establish websocket connection to http://localhost:50384/devtools/browser/1538a065-d172-4862-a909-e794fd9e7218&#10;Build info: version: &apos;4.5.0&apos;, revision: &apos;fe167b119a&apos;&#10;System info: os.name: &apos;Mac OS X&apos;, os.arch: &apos;x86_64&apos;, os.version: &apos;14.2.1&apos;, java.version: &apos;23.0.2&apos;&#10;Driver info: driver.version: ChromeDriver" type="org.openqa.selenium.remote.http.ConnectionFailedException"><![CDATA[org.openqa.selenium.remote.http.ConnectionFailedException: 
Unable to establish websocket connection to http://localhost:50384/devtools/browser/1538a065-d172-4862-a909-e794fd9e7218
Build info: version: '4.5.0', revision: 'fe167b119a'
System info: os.name: 'Mac OS X', os.arch: 'x86_64', os.version: '14.2.1', java.version: '23.0.2'
Driver info: driver.version: ChromeDriver
	at org.openqa.selenium.remote.http.netty.NettyWebSocket.<init>(NettyWebSocket.java:102)
	at org.openqa.selenium.remote.http.netty.NettyWebSocket.lambda$create$3(NettyWebSocket.java:128)
	at org.openqa.selenium.remote.http.netty.NettyClient.openSocket(NettyClient.java:107)
	at org.openqa.selenium.devtools.Connection.<init>(Connection.java:77)
	at org.openqa.selenium.chromium.ChromiumDriver.lambda$new$2(ChromiumDriver.java:116)
	at java.base/java.util.Optional.map(Optional.java:260)
	at org.openqa.selenium.chromium.ChromiumDriver.<init>(ChromiumDriver.java:114)
	at org.openqa.selenium.chrome.ChromeDriver.<init>(ChromeDriver.java:81)
	at org.openqa.selenium.chrome.ChromeDriver.<init>(ChromeDriver.java:70)
	at stepdefinitions.GoogleSearchSteps.the_user_is_on_the_google_homepage(GoogleSearchSteps.java:25)
	at ✽.the user is on the Google homepage(file:///Users/shalini/Documents/Projects/automation-project/src/test/resources/features/GoogleSearch.feature:4)
]]></error>
    <system-out><![CDATA[
Scenario: Search for a valid keyword on Google &amp#27;[90m# src/test/resources/features/GoogleSearch.feature:3&amp#27;[0m
  &amp#27;[31mGiven &amp#27;[0m&amp#27;[31mthe user is on the Google homepage&amp#27;[0m     &amp#27;[90m# stepdefinitions.GoogleSearchSteps.the_user_is_on_the_google_homepage()&amp#27;[0m
      &amp#27;[31morg.openqa.selenium.remote.http.ConnectionFailedException: Unable to establish websocket connection to http://localhost:50384/devtools/browser/1538a065-d172-4862-a909-e794fd9e7218
Build info: version: '4.5.0', revision: 'fe167b119a'
System info: os.name: 'Mac OS X', os.arch: 'x86_64', os.version: '14.2.1', java.version: '23.0.2'
Driver info: driver.version: ChromeDriver
	at org.openqa.selenium.remote.http.netty.NettyWebSocket.<init>(NettyWebSocket.java:102)
	at org.openqa.selenium.remote.http.netty.NettyWebSocket.lambda$create$3(NettyWebSocket.java:128)
	at org.openqa.selenium.remote.http.netty.NettyClient.openSocket(NettyClient.java:107)
	at org.openqa.selenium.devtools.Connection.<init>(Connection.java:77)
	at org.openqa.selenium.chromium.ChromiumDriver.lambda$new$2(ChromiumDriver.java:116)
	at java.base/java.util.Optional.map(Optional.java:260)
	at org.openqa.selenium.chromium.ChromiumDriver.<init>(ChromiumDriver.java:114)
	at org.openqa.selenium.chrome.ChromeDriver.<init>(ChromeDriver.java:81)
	at org.openqa.selenium.chrome.ChromeDriver.<init>(ChromeDriver.java:70)
	at stepdefinitions.GoogleSearchSteps.the_user_is_on_the_google_homepage(GoogleSearchSteps.java:25)
	at ✽.the user is on the Google homepage(file:///Users/shalini/Documents/Projects/automation-project/src/test/resources/features/GoogleSearch.feature:4)
&amp#27;[0m
  &amp#27;[36mWhen &amp#27;[0m&amp#27;[36mthe user searches for &amp#27;[0m&amp#27;[36m&amp#27;[1m"OpenAI"&amp#27;[0m          &amp#27;[90m# stepdefinitions.GoogleSearchSteps.the_user_searches_for(java.lang.String)&amp#27;[0m
  &amp#27;[36mThen &amp#27;[0m&amp#27;[36msearch results should contain &amp#27;[0m&amp#27;[36m&amp#27;[1m"OpenAI"&amp#27;[0m  &amp#27;[90m# stepdefinitions.GoogleSearchSteps.search_results_should_contain(java.lang.String)&amp#27;[0m
]]></system-out>
    <system-err><![CDATA[SLF4J(W): No SLF4J providers were found.
SLF4J(W): Defaulting to no-operation (NOP) logger implementation
SLF4J(W): See https://www.slf4j.org/codes.html#noProviders for further details.
Starting ChromeDriver 133.0.6943.141 (2a5d6da0d6165d7b107502095a937fe7704fcef6-refs/branch-heads/6943@{#1912}) on port 59512
Only local connections are allowed.
Please see https://chromedriver.chromium.org/security-considerations for suggestions on keeping ChromeDriver safe.
ChromeDriver was started successfully on port 59512.
[1740697250.557][INFO]: [eaab6c0cdd6981b57997a105ef3eed6f] COMMAND InitSession {
   "capabilities": {
      "firstMatch": [ {
         "browserName": "chrome",
         "goog:chromeOptions": {
            "args": [ "--headless", "--disable-gpu" ],
            "extensions": [  ]
         }
      } ]
   },
   "desiredCapabilities": {
      "browserName": "chrome",
      "goog:chromeOptions": {
         "args": [ "--headless", "--disable-gpu" ],
         "extensions": [  ]
      }
   }
}
[1740697250.558][INFO]: Browser search. Trying... /Users/shalini/.cache/selenium/chromedriver/mac64/133.0.6943.141/Google Chrome for Testing.app/Contents/MacOS/Google Chrome for Testing
[1740697250.558][INFO]: Browser search. Trying... /Users/shalini/.cache/selenium/chromedriver/mac64/133.0.6943.141/Google Chrome for Testing.app/Contents/MacOS/Google Chrome for Testing
[1740697250.558][INFO]: Browser search. Trying... /Users/shalini/.cache/selenium/chromedriver/mac64/133.0.6943.141/Google Chrome.app/Contents/MacOS/Google Chrome
[1740697250.558][INFO]: Browser search. Trying... /Users/shalini/.cache/selenium/chromedriver/mac64/133.0.6943.141/Chromium.app/Contents/MacOS/Chromium
[1740697250.558][INFO]: Browser search. Trying... /Users/shalini/Applications/Google Chrome for Testing.app/Contents/MacOS/Google Chrome for Testing
[1740697250.558][INFO]: Browser search. Trying... /Applications/Google Chrome for Testing.app/Contents/MacOS/Google Chrome for Testing
[1740697250.558][INFO]: Browser search. Trying... /Users/shalini/Downloads/google-cloud-sdk/bin/Google Chrome for Testing.app/Contents/MacOS/Google Chrome for Testing
[1740697250.559][INFO]: Browser search. Trying... /Users/shalini/Documents/jdk-23.0.2.jdk/Contents/Home/bin/Google Chrome for Testing.app/Contents/MacOS/Google Chrome for Testing
[1740697250.559][INFO]: Browser search. Trying... /Users/shalini/Documents/apache-maven-3.9.9/bin/Google Chrome for Testing.app/Contents/MacOS/Google Chrome for Testing
[1740697250.559][INFO]: Browser search. Trying... /Users/shalini/.gem/bin/Google Chrome for Testing.app/Contents/MacOS/Google Chrome for Testing
[1740697250.559][INFO]: Browser search. Trying... /Users/shalini/development/flutter/bin/Google Chrome for Testing.app/Contents/MacOS/Google Chrome for Testing
[1740697250.559][INFO]: Browser search. Trying... /Library/Frameworks/Python.framework/Versions/3.12/bin/Google Chrome for Testing.app/Contents/MacOS/Google Chrome for Testing
[1740697250.559][INFO]: Browser search. Trying... /usr/local/bin/Google Chrome for Testing.app/Contents/MacOS/Google Chrome for Testing
[1740697250.559][INFO]: Browser search. Trying... /System/Cryptexes/App/usr/bin/Google Chrome for Testing.app/Contents/MacOS/Google Chrome for Testing
[1740697250.559][INFO]: Browser search. Trying... /usr/bin/Google Chrome for Testing.app/Contents/MacOS/Google Chrome for Testing
[1740697250.559][INFO]: Browser search. Trying... /bin/Google Chrome for Testing.app/Contents/MacOS/Google Chrome for Testing
[1740697250.559][INFO]: Browser search. Trying... /usr/sbin/Google Chrome for Testing.app/Contents/MacOS/Google Chrome for Testing
[1740697250.559][INFO]: Browser search. Trying... /sbin/Google Chrome for Testing.app/Contents/MacOS/Google Chrome for Testing
[1740697250.559][INFO]: Browser search. Trying... /var/run/com.apple.security.cryptexd/codex.system/bootstrap/usr/local/bin/Google Chrome for Testing.app/Contents/MacOS/Google Chrome for Testing
[1740697250.559][INFO]: Browser search. Trying... /var/run/com.apple.security.cryptexd/codex.system/bootstrap/usr/bin/Google Chrome for Testing.app/Contents/MacOS/Google Chrome for Testing
[1740697250.559][INFO]: Browser search. Trying... /var/run/com.apple.security.cryptexd/codex.system/bootstrap/usr/appleinternal/bin/Google Chrome for Testing.app/Contents/MacOS/Google Chrome for Testing
[1740697250.559][INFO]: Browser search. Trying... /Library/Apple/usr/bin/Google Chrome for Testing.app/Contents/MacOS/Google Chrome for Testing
[1740697250.559][INFO]: Browser search. Trying... /Users/shalini/Downloads/google-cloud-sdk/bin/Google Chrome for Testing.app/Contents/MacOS/Google Chrome for Testing
[1740697250.559][INFO]: Browser search. Trying... /Users/shalini/Documents/jdk-23.0.2.jdk/Contents/Home/bin/Google Chrome for Testing.app/Contents/MacOS/Google Chrome for Testing
[1740697250.559][INFO]: Browser search. Trying... /Users/shalini/Documents/apache-maven-3.9.9/bin/Google Chrome for Testing.app/Contents/MacOS/Google Chrome for Testing
[1740697250.559][INFO]: Browser search. Trying... /Users/shalini/.gem/bin/Google Chrome for Testing.app/Contents/MacOS/Google Chrome for Testing
[1740697250.559][INFO]: Browser search. Trying... /Users/shalini/development/flutter/bin/Google Chrome for Testing.app/Contents/MacOS/Google Chrome for Testing
[1740697250.559][INFO]: Browser search. Trying... /Library/Frameworks/Python.framework/Versions/3.12/bin/Google Chrome for Testing.app/Contents/MacOS/Google Chrome for Testing
[1740697250.559][INFO]: Browser search. Trying... /Users/shalini/Applications/Google Chrome for Testing.app/Contents/MacOS/Google Chrome for Testing
[1740697250.559][INFO]: Browser search. Trying... /Applications/Google Chrome for Testing.app/Contents/MacOS/Google Chrome for Testing
[1740697250.559][INFO]: Browser search. Trying... /Users/shalini/Downloads/google-cloud-sdk/bin/Google Chrome for Testing.app/Contents/MacOS/Google Chrome for Testing
[1740697250.559][INFO]: Browser search. Trying... /Users/shalini/Documents/jdk-23.0.2.jdk/Contents/Home/bin/Google Chrome for Testing.app/Contents/MacOS/Google Chrome for Testing
[1740697250.559][INFO]: Browser search. Trying... /Users/shalini/Documents/apache-maven-3.9.9/bin/Google Chrome for Testing.app/Contents/MacOS/Google Chrome for Testing
[1740697250.559][INFO]: Browser search. Trying... /Users/shalini/.gem/bin/Google Chrome for Testing.app/Contents/MacOS/Google Chrome for Testing
[1740697250.559][INFO]: Browser search. Trying... /Users/shalini/development/flutter/bin/Google Chrome for Testing.app/Contents/MacOS/Google Chrome for Testing
[1740697250.559][INFO]: Browser search. Trying... /Library/Frameworks/Python.framework/Versions/3.12/bin/Google Chrome for Testing.app/Contents/MacOS/Google Chrome for Testing
[1740697250.559][INFO]: Browser search. Trying... /usr/local/bin/Google Chrome for Testing.app/Contents/MacOS/Google Chrome for Testing
[1740697250.559][INFO]: Browser search. Trying... /System/Cryptexes/App/usr/bin/Google Chrome for Testing.app/Contents/MacOS/Google Chrome for Testing
[1740697250.559][INFO]: Browser search. Trying... /usr/bin/Google Chrome for Testing.app/Contents/MacOS/Google Chrome for Testing
[1740697250.559][INFO]: Browser search. Trying... /bin/Google Chrome for Testing.app/Contents/MacOS/Google Chrome for Testing
[1740697250.559][INFO]: Browser search. Trying... /usr/sbin/Google Chrome for Testing.app/Contents/MacOS/Google Chrome for Testing
[1740697250.559][INFO]: Browser search. Trying... /sbin/Google Chrome for Testing.app/Contents/MacOS/Google Chrome for Testing
[1740697250.559][INFO]: Browser search. Trying... /var/run/com.apple.security.cryptexd/codex.system/bootstrap/usr/local/bin/Google Chrome for Testing.app/Contents/MacOS/Google Chrome for Testing
[1740697250.559][INFO]: Browser search. Trying... /var/run/com.apple.security.cryptexd/codex.system/bootstrap/usr/bin/Google Chrome for Testing.app/Contents/MacOS/Google Chrome for Testing
[1740697250.559][INFO]: Browser search. Trying... /var/run/com.apple.security.cryptexd/codex.system/bootstrap/usr/appleinternal/bin/Google Chrome for Testing.app/Contents/MacOS/Google Chrome for Testing
[1740697250.559][INFO]: Browser search. Trying... /Library/Apple/usr/bin/Google Chrome for Testing.app/Contents/MacOS/Google Chrome for Testing
[1740697250.559][INFO]: Browser search. Trying... /Users/shalini/Downloads/google-cloud-sdk/bin/Google Chrome for Testing.app/Contents/MacOS/Google Chrome for Testing
[1740697250.559][INFO]: Browser search. Trying... /Users/shalini/Documents/jdk-23.0.2.jdk/Contents/Home/bin/Google Chrome for Testing.app/Contents/MacOS/Google Chrome for Testing
[1740697250.559][INFO]: Browser search. Trying... /Users/shalini/Documents/apache-maven-3.9.9/bin/Google Chrome for Testing.app/Contents/MacOS/Google Chrome for Testing
[1740697250.559][INFO]: Browser search. Trying... /Users/shalini/.gem/bin/Google Chrome for Testing.app/Contents/MacOS/Google Chrome for Testing
[1740697250.559][INFO]: Browser search. Trying... /Users/shalini/development/flutter/bin/Google Chrome for Testing.app/Contents/MacOS/Google Chrome for Testing
[1740697250.559][INFO]: Browser search. Trying... /Library/Frameworks/Python.framework/Versions/3.12/bin/Google Chrome for Testing.app/Contents/MacOS/Google Chrome for Testing
[1740697250.559][INFO]: Browser search. Trying... /Users/shalini/Applications/Google Chrome.app/Contents/MacOS/Google Chrome
[1740697250.559][INFO]: Browser search. Trying... /Applications/Google Chrome.app/Contents/MacOS/Google Chrome
[1740697250.559][INFO]: Browser search. Found at  /Applications/Google Chrome.app/Contents/MacOS/Google Chrome
[1740697250.560][INFO]: Populating Preferences file: {
   "alternate_error_pages": {
      "enabled": false
   },
   "autofill": {
      "enabled": false
   },
   "browser": {
      "check_default_browser": false
   },
   "distribution": {
      "import_bookmarks": false,
      "import_history": false,
      "import_search_engine": false,
      "make_chrome_default_for_user": false,
      "skip_first_run_ui": true
   },
   "dns_prefetching": {
      "enabled": false
   },
   "profile": {
      "content_settings": {
         "pattern_pairs": {
            "https://*,*": {
               "media-stream": {
                  "audio": "Default",
                  "video": "Default"
               }
            }
         }
      },
      "default_content_setting_values": {
         "geolocation": 1
      },
      "default_content_settings": {
         "geolocation": 1,
         "mouselock": 1,
         "notifications": 1,
         "popups": 1,
         "ppapi-broker": 1
      },
      "password_manager_enabled": false
   },
   "safebrowsing": {
      "enabled": false
   },
   "search": {
      "suggest_enabled": false
   },
   "translate": {
      "enabled": false
   }
}
[1740697250.560][INFO]: Populating Local State file: {
   "background_mode": {
      "enabled": false
   },
   "ssl": {
      "rev_checking": {
         "enabled": false
      }
   }
}
[1740697250.561][INFO]: ChromeDriver supports communication with Chrome via pipes. This is more reliable and more secure.
[1740697250.561][INFO]: Use the --remote-debugging-pipe Chrome switch instead of the default --remote-debugging-port to enable this communication mode.
[1740697250.561][INFO]: Launching chrome: /Applications/Google Chrome.app/Contents/MacOS/Google Chrome --allow-pre-commit-input --disable-background-networking --disable-client-side-phishing-detection --disable-default-apps --disable-gpu --disable-hang-monitor --disable-popup-blocking --disable-prompt-on-repost --disable-sync --enable-automation --enable-logging --headless --log-level=0 --no-first-run --no-service-autorun --password-store=basic --remote-debugging-port=0 --test-type=webdriver --use-mock-keychain --user-data-dir=/var/folders/nk/yf408v2j3b3_tjmbk2nmxrp00000gn/T/.org.chromium.Chromium.xDDk1e data:,
[31840:259:0228/043051.140405:ERROR:chrome_browser_main.cc(1143)] The use of Rosetta to run the x64 version of Chromium on Arm is neither tested nor maintained, and unexpected behavior will likely result. Please check that all tools that spawn Chromium are Arm-native.

DevTools listening on ws://127.0.0.1:50384/devtools/browser/1538a065-d172-4862-a909-e794fd9e7218
[1740697254.263][DEBUG]: DevTools HTTP Request: http://localhost:50384/json/version
[1740697254.510][DEBUG]: DevTools HTTP Response: {
   "Browser": "Chrome/133.0.6943.142",
   "Protocol-Version": "1.3",
   "User-Agent": "Mozilla/5.0 (Macintosh; Intel Mac OS X 10_15_7) AppleWebKit/537.36 (KHTML, like Gecko) HeadlessChrome/133.0.0.0 Safari/537.36",
   "V8-Version": "13.3.415.23",
   "WebKit-Version": "537.36 (@f217c2438a8e1f4b9e730de378ce20f754b2c3d0)",
   "webSocketDebuggerUrl": "ws://localhost:50384/devtools/browser/1538a065-d172-4862-a909-e794fd9e7218"
}

[1740697254.510][DEBUG]: DevTools HTTP Request: http://localhost:50384/json/list
[1740697254.549][DEBUG]: DevTools HTTP Response: [ {
   "description": "",
   "devtoolsFrontendUrl": "/devtools/inspector.html?ws=localhost:50384/devtools/page/C514A63A9DC841CE62EF086434ACCEB2",
   "id": "C514A63A9DC841CE62EF086434ACCEB2",
   "title": "",
   "type": "page",
   "url": "data:,",
   "webSocketDebuggerUrl": "ws://localhost:50384/devtools/page/C514A63A9DC841CE62EF086434ACCEB2"
} ]

[1740697254.551][INFO]: resolved localhost to ["::1","127.0.0.1"]
[1740697254.604][DEBUG]: DevTools WebSocket Command: Target.getTargets (id=1) (session_id=) browser {
   "filter": [ {
      "exclude": true,
      "type": "browser"
   }, {
      "exclude": true,
      "type": "page"
   }, {
      "exclude": false
   } ]
}
[1740697254.636][DEBUG]: DevTools WebSocket Response: Target.getTargets (id=1) (session_id=) browser {
   "targetInfos": [ {
      "attached": false,
      "browserContextId": "43C3FE908E3DDAAF2409490F437907B1",
      "canAccessOpener": false,
      "targetId": "3DED0C2DF7810BDDA7DFBB2B21B23363",
      "title": "",
      "type": "tab",
      "url": "data:,"
   } ]
}
[1740697254.637][DEBUG]: DevTools WebSocket Command: Target.attachToTarget (id=2) (session_id=) browser {
   "flatten": true,
   "targetId": "3DED0C2DF7810BDDA7DFBB2B21B23363"
}
[1740697254.640][DEBUG]: DevTools WebSocket Event: Target.attachedToTarget (session_id=) browser {
   "sessionId": "F8542B3D7C46025D7EB8553E418B1DE5",
   "targetInfo": {
      "attached": true,
      "browserContextId": "43C3FE908E3DDAAF2409490F437907B1",
      "canAccessOpener": false,
      "targetId": "3DED0C2DF7810BDDA7DFBB2B21B23363",
      "title": "",
      "type": "tab",
      "url": "data:,"
   },
   "waitingForDebugger": false
}
[1740697254.640][DEBUG]: DevTools WebSocket Response: Target.attachToTarget (id=2) (session_id=) browser {
   "sessionId": "F8542B3D7C46025D7EB8553E418B1DE5"
}
[1740697254.640][DEBUG]: DevTools WebSocket Command: Target.setAutoAttach (id=3) (session_id=F8542B3D7C46025D7EB8553E418B1DE5) 3DED0C2DF7810BDDA7DFBB2B21B23363 {
   "autoAttach": true,
   "flatten": true,
   "waitForDebuggerOnStart": false
}
[1740697254.644][DEBUG]: DevTools WebSocket Event: Target.attachedToTarget (session_id=F8542B3D7C46025D7EB8553E418B1DE5) 3DED0C2DF7810BDDA7DFBB2B21B23363 {
   "sessionId": "2EBBF9FA1794E208DBAD80DF24CD1A55",
   "targetInfo": {
      "attached": true,
      "browserContextId": "43C3FE908E3DDAAF2409490F437907B1",
      "canAccessOpener": false,
      "targetId": "C514A63A9DC841CE62EF086434ACCEB2",
      "title": "",
      "type": "page",
      "url": "data:,"
   },
   "waitingForDebugger": false
}
[1740697254.644][DEBUG]: DevTools WebSocket Command: Page.enable (id=4) (session_id=2EBBF9FA1794E208DBAD80DF24CD1A55) C514A63A9DC841CE62EF086434ACCEB2 {
}
[1740697254.645][DEBUG]: DevTools WebSocket Command: Page.addScriptToEvaluateOnNewDocument (id=5) (session_id=2EBBF9FA1794E208DBAD80DF24CD1A55) C514A63A9DC841CE62EF086434ACCEB2 {
   "source": "(function () {window.cdc_adoQpoasnfa76pfcZLmcfl_Array = window.Array;window.cdc_adoQpoasnfa76pfcZLmcfl_Object = window.Object;window.cdc_adoQpoasnfa76pfcZLmcfl_Promise = window.Promise;window.cdc_a..."
}
[1740697254.645][DEBUG]: DevTools WebSocket Command: Runtime.evaluate (id=6) (session_id=2EBBF9FA1794E208DBAD80DF24CD1A55) C514A63A9DC841CE62EF086434ACCEB2 {
   "expression": "(function () {window.cdc_adoQpoasnfa76pfcZLmcfl_Array = window.Array;window.cdc_adoQpoasnfa76pfcZLmcfl_Object = window.Object;window.cdc_adoQpoasnfa76pfcZLmcfl_Promise = window.Promise;window.cdc_a..."
}
[1740697254.645][DEBUG]: DevTools WebSocket Command: Log.enable (id=7) (session_id=2EBBF9FA1794E208DBAD80DF24CD1A55) C514A63A9DC841CE62EF086434ACCEB2 {
}
[1740697254.646][DEBUG]: DevTools WebSocket Command: Target.setAutoAttach (id=8) (session_id=2EBBF9FA1794E208DBAD80DF24CD1A55) C514A63A9DC841CE62EF086434ACCEB2 {
   "autoAttach": true,
   "flatten": true,
   "waitForDebuggerOnStart": false
}
[1740697254.646][DEBUG]: DevTools WebSocket Response: Target.setAutoAttach (id=3) (session_id=F8542B3D7C46025D7EB8553E418B1DE5) 3DED0C2DF7810BDDA7DFBB2B21B23363 {
}
[1740697254.728][DEBUG]: DevTools WebSocket Event: Page.frameStoppedLoading (session_id=2EBBF9FA1794E208DBAD80DF24CD1A55) C514A63A9DC841CE62EF086434ACCEB2 {
   "frameId": "C514A63A9DC841CE62EF086434ACCEB2"
}
[1740697254.730][DEBUG]: DevTools WebSocket Response: Page.enable (id=4) (session_id=2EBBF9FA1794E208DBAD80DF24CD1A55) C514A63A9DC841CE62EF086434ACCEB2 {
}
[1740697254.730][DEBUG]: DevTools WebSocket Response: Page.addScriptToEvaluateOnNewDocument (id=5) (session_id=2EBBF9FA1794E208DBAD80DF24CD1A55) C514A63A9DC841CE62EF086434ACCEB2 {
   "identifier": "1"
}
[1740697254.739][DEBUG]: DevTools WebSocket Response: Runtime.evaluate (id=6) (session_id=2EBBF9FA1794E208DBAD80DF24CD1A55) C514A63A9DC841CE62EF086434ACCEB2 {
   "result": {
      "type": "undefined"
   }
}
[1740697254.739][DEBUG]: DevTools WebSocket Response: Log.enable (id=7) (session_id=2EBBF9FA1794E208DBAD80DF24CD1A55) C514A63A9DC841CE62EF086434ACCEB2 {
}
[1740697254.739][DEBUG]: DevTools WebSocket Response: Target.setAutoAttach (id=8) (session_id=2EBBF9FA1794E208DBAD80DF24CD1A55) C514A63A9DC841CE62EF086434ACCEB2 {
}
[1740697254.739][DEBUG]: DevTools WebSocket Command: Runtime.enable (id=9) (session_id=2EBBF9FA1794E208DBAD80DF24CD1A55) C514A63A9DC841CE62EF086434ACCEB2 {
}
[1740697254.742][DEBUG]: DevTools WebSocket Event: Runtime.executionContextCreated (session_id=2EBBF9FA1794E208DBAD80DF24CD1A55) C514A63A9DC841CE62EF086434ACCEB2 {
   "context": {
      "auxData": {
         "frameId": "C514A63A9DC841CE62EF086434ACCEB2",
         "isDefault": true,
         "type": "default"
      },
      "id": 1,
      "name": "",
      "origin": "://",
      "uniqueId": "8341644717395171484.6279420209455519348"
   }
}
[1740697254.742][DEBUG]: DevTools WebSocket Response: Runtime.enable (id=9) (session_id=2EBBF9FA1794E208DBAD80DF24CD1A55) C514A63A9DC841CE62EF086434ACCEB2 {
}
[1740697254.742][DEBUG]: DevTools WebSocket Command: Runtime.enable (id=10) (session_id=2EBBF9FA1794E208DBAD80DF24CD1A55) C514A63A9DC841CE62EF086434ACCEB2 {
}
[1740697254.743][DEBUG]: DevTools WebSocket Response: Runtime.enable (id=10) (session_id=2EBBF9FA1794E208DBAD80DF24CD1A55) C514A63A9DC841CE62EF086434ACCEB2 {
}
[1740697254.744][INFO]: [eaab6c0cdd6981b57997a105ef3eed6f] RESPONSE InitSession {
   "capabilities": {
      "acceptInsecureCerts": false,
      "browserName": "chrome",
      "browserVersion": "133.0.6943.142",
      "chrome": {
         "chromedriverVersion": "133.0.6943.141 (2a5d6da0d6165d7b107502095a937fe7704fcef6-refs/branch-heads/6943@{#1912})",
         "userDataDir": "/var/folders/nk/yf408v2j3b3_tjmbk2nmxrp00000gn/T/.org.chromium.Chromium.xDDk1e"
      },
      "fedcm:accounts": true,
      "goog:chromeOptions": {
         "debuggerAddress": "localhost:50384"
      },
      "networkConnectionEnabled": false,
      "pageLoadStrategy": "normal",
      "platformName": "mac",
      "proxy": {
      },
      "setWindowRect": true,
      "strictFileInteractability": false,
      "timeouts": {
         "implicit": 0,
         "pageLoad": 300000,
         "script": 30000
      },
      "unhandledPromptBehavior": "dismiss and notify",
      "webauthn:extension:credBlob": true,
      "webauthn:extension:largeBlob": true,
      "webauthn:extension:minPinLength": true,
      "webauthn:extension:prf": true,
      "webauthn:virtualAuthenticators": true
   },
   "sessionId": "eaab6c0cdd6981b57997a105ef3eed6f"
}
Feb 28, 2025 4:30:54 AM org.openqa.selenium.remote.ProtocolHandshake createSession
INFO: Detected upstream dialect: W3C
[31840:259:0228/043054.871763:ERROR:devtools_http_handler.cc(771)] Rejected an incoming WebSocket connection from the http://localhost:50384 origin. Use the command line flag --remote-allow-origins=http://localhost:50384 to allow connections from this origin or --remote-allow-origins=* to allow all origins.
Feb 28, 2025 4:30:54 AM org.openqa.selenium.remote.http.WebSocket$Listener onError
WARNING: Invalid Status code=403 text=Forbidden
java.io.IOException: Invalid Status code=403 text=Forbidden
	at org.asynchttpclient.netty.handler.WebSocketHandler.abort(WebSocketHandler.java:92)
	at org.asynchttpclient.netty.handler.WebSocketHandler.handleRead(WebSocketHandler.java:118)
	at org.asynchttpclient.netty.handler.AsyncHttpClientHandler.channelRead(AsyncHttpClientHandler.java:78)
	at io.netty.channel.AbstractChannelHandlerContext.invokeChannelRead(AbstractChannelHandlerContext.java:379)
	at io.netty.channel.AbstractChannelHandlerContext.invokeChannelRead(AbstractChannelHandlerContext.java:365)
	at io.netty.channel.AbstractChannelHandlerContext.fireChannelRead(AbstractChannelHandlerContext.java:357)
	at io.netty.channel.CombinedChannelDuplexHandler$DelegatingChannelHandlerContext.fireChannelRead(CombinedChannelDuplexHandler.java:436)
	at io.netty.handler.codec.ByteToMessageDecoder.fireChannelRead(ByteToMessageDecoder.java:327)
	at io.netty.handler.codec.ByteToMessageDecoder.fireChannelRead(ByteToMessageDecoder.java:314)
	at io.netty.handler.codec.ByteToMessageDecoder.callDecode(ByteToMessageDecoder.java:435)
	at io.netty.handler.codec.ByteToMessageDecoder.channelRead(ByteToMessageDecoder.java:279)
	at io.netty.channel.CombinedChannelDuplexHandler.channelRead(CombinedChannelDuplexHandler.java:251)
	at io.netty.channel.AbstractChannelHandlerContext.invokeChannelRead(AbstractChannelHandlerContext.java:379)
	at io.netty.channel.AbstractChannelHandlerContext.invokeChannelRead(AbstractChannelHandlerContext.java:365)
	at io.netty.channel.AbstractChannelHandlerContext.fireChannelRead(AbstractChannelHandlerContext.java:357)
	at io.netty.channel.DefaultChannelPipeline$HeadContext.channelRead(DefaultChannelPipeline.java:1410)
	at io.netty.channel.AbstractChannelHandlerContext.invokeChannelRead(AbstractChannelHandlerContext.java:379)
	at io.netty.channel.AbstractChannelHandlerContext.invokeChannelRead(AbstractChannelHandlerContext.java:365)
	at io.netty.channel.DefaultChannelPipeline.fireChannelRead(DefaultChannelPipeline.java:919)
	at io.netty.channel.nio.AbstractNioByteChannel$NioByteUnsafe.read(AbstractNioByteChannel.java:166)
	at io.netty.channel.nio.NioEventLoop.processSelectedKey(NioEventLoop.java:722)
	at io.netty.channel.nio.NioEventLoop.processSelectedKeysOptimized(NioEventLoop.java:658)
	at io.netty.channel.nio.NioEventLoop.processSelectedKeys(NioEventLoop.java:584)
	at io.netty.channel.nio.NioEventLoop.run(NioEventLoop.java:496)
	at io.netty.util.concurrent.SingleThreadEventExecutor$4.run(SingleThreadEventExecutor.java:997)
	at io.netty.util.internal.ThreadExecutorMap$2.run(ThreadExecutorMap.java:74)
	at io.netty.util.concurrent.FastThreadLocalRunnable.run(FastThreadLocalRunnable.java:30)
	at java.base/java.lang.Thread.run(Thread.java:1575)

]]></system-err>
  </testcase>
  <testcase name="Search for a random string that has no results" classname="Google Search Functionality" time="4.297">
    <error message="Unable to establish websocket connection to http://localhost:50398/devtools/browser/b0e4dcca-4259-40ed-a6f4-bd6a12777e20&#10;Build info: version: &apos;4.5.0&apos;, revision: &apos;fe167b119a&apos;&#10;System info: os.name: &apos;Mac OS X&apos;, os.arch: &apos;x86_64&apos;, os.version: &apos;14.2.1&apos;, java.version: &apos;23.0.2&apos;&#10;Driver info: driver.version: ChromeDriver" type="org.openqa.selenium.remote.http.ConnectionFailedException"><![CDATA[org.openqa.selenium.remote.http.ConnectionFailedException: 
Unable to establish websocket connection to http://localhost:50398/devtools/browser/b0e4dcca-4259-40ed-a6f4-bd6a12777e20
Build info: version: '4.5.0', revision: 'fe167b119a'
System info: os.name: 'Mac OS X', os.arch: 'x86_64', os.version: '14.2.1', java.version: '23.0.2'
Driver info: driver.version: ChromeDriver
	at org.openqa.selenium.remote.http.netty.NettyWebSocket.<init>(NettyWebSocket.java:102)
	at org.openqa.selenium.remote.http.netty.NettyWebSocket.lambda$create$3(NettyWebSocket.java:128)
	at org.openqa.selenium.remote.http.netty.NettyClient.openSocket(NettyClient.java:107)
	at org.openqa.selenium.devtools.Connection.<init>(Connection.java:77)
	at org.openqa.selenium.chromium.ChromiumDriver.lambda$new$2(ChromiumDriver.java:116)
	at java.base/java.util.Optional.map(Optional.java:260)
	at org.openqa.selenium.chromium.ChromiumDriver.<init>(ChromiumDriver.java:114)
	at org.openqa.selenium.chrome.ChromeDriver.<init>(ChromeDriver.java:81)
	at org.openqa.selenium.chrome.ChromeDriver.<init>(ChromeDriver.java:70)
	at stepdefinitions.GoogleSearchSteps.the_user_is_on_the_google_homepage(GoogleSearchSteps.java:25)
	at ✽.the user is on the Google homepage(file:///Users/shalini/Documents/Projects/automation-project/src/test/resources/features/GoogleSearch.feature:9)
]]></error>
    <system-out><![CDATA[
Scenario: Search for a random string that has no results &amp#27;[90m# src/test/resources/features/GoogleSearch.feature:8&amp#27;[0m
  &amp#27;[31mGiven &amp#27;[0m&amp#27;[31mthe user is on the Google homepage&amp#27;[0m               &amp#27;[90m# stepdefinitions.GoogleSearchSteps.the_user_is_on_the_google_homepage()&amp#27;[0m
      &amp#27;[31morg.openqa.selenium.remote.http.ConnectionFailedException: Unable to establish websocket connection to http://localhost:50398/devtools/browser/b0e4dcca-4259-40ed-a6f4-bd6a12777e20
Build info: version: '4.5.0', revision: 'fe167b119a'
System info: os.name: 'Mac OS X', os.arch: 'x86_64', os.version: '14.2.1', java.version: '23.0.2'
Driver info: driver.version: ChromeDriver
	at org.openqa.selenium.remote.http.netty.NettyWebSocket.<init>(NettyWebSocket.java:102)
	at org.openqa.selenium.remote.http.netty.NettyWebSocket.lambda$create$3(NettyWebSocket.java:128)
	at org.openqa.selenium.remote.http.netty.NettyClient.openSocket(NettyClient.java:107)
	at org.openqa.selenium.devtools.Connection.<init>(Connection.java:77)
	at org.openqa.selenium.chromium.ChromiumDriver.lambda$new$2(ChromiumDriver.java:116)
	at java.base/java.util.Optional.map(Optional.java:260)
	at org.openqa.selenium.chromium.ChromiumDriver.<init>(ChromiumDriver.java:114)
	at org.openqa.selenium.chrome.ChromeDriver.<init>(ChromeDriver.java:81)
	at org.openqa.selenium.chrome.ChromeDriver.<init>(ChromeDriver.java:70)
	at stepdefinitions.GoogleSearchSteps.the_user_is_on_the_google_homepage(GoogleSearchSteps.java:25)
	at ✽.the user is on the Google homepage(file:///Users/shalini/Documents/Projects/automation-project/src/test/resources/features/GoogleSearch.feature:9)
&amp#27;[0m
  &amp#27;[36mWhen &amp#27;[0m&amp#27;[36mthe user searches for &amp#27;[0m&amp#27;[36m&amp#27;[1m"asdlkfjasdflkjasdf"&amp#27;[0m        &amp#27;[90m# stepdefinitions.GoogleSearchSteps.the_user_searches_for(java.lang.String)&amp#27;[0m
  &amp#27;[36mThen &amp#27;[0m&amp#27;[36mno search results should be displayed&amp#27;[0m             &amp#27;[90m# stepdefinitions.GoogleSearchSteps.no_search_results_should_be_displayed()&amp#27;[0m
]]></system-out>
    <system-err><![CDATA[Starting ChromeDriver 133.0.6943.141 (2a5d6da0d6165d7b107502095a937fe7704fcef6-refs/branch-heads/6943@{#1912}) on port 53698
Only local connections are allowed.
Please see https://chromedriver.chromium.org/security-considerations for suggestions on keeping ChromeDriver safe.
ChromeDriver was started successfully on port 53698.
[1740697255.026][INFO]: [b2a9aed80c4643e0c423cd57bd2cbfee] COMMAND InitSession {
   "capabilities": {
      "firstMatch": [ {
         "browserName": "chrome",
         "goog:chromeOptions": {
            "args": [ "--headless", "--disable-gpu" ],
            "extensions": [  ]
         }
      } ]
   },
   "desiredCapabilities": {
      "browserName": "chrome",
      "goog:chromeOptions": {
         "args": [ "--headless", "--disable-gpu" ],
         "extensions": [  ]
      }
   }
}
[1740697255.027][INFO]: Browser search. Trying... /Users/shalini/.cache/selenium/chromedriver/mac64/133.0.6943.141/Google Chrome for Testing.app/Contents/MacOS/Google Chrome for Testing
[1740697255.027][INFO]: Browser search. Trying... /Users/shalini/.cache/selenium/chromedriver/mac64/133.0.6943.141/Google Chrome for Testing.app/Contents/MacOS/Google Chrome for Testing
[1740697255.027][INFO]: Browser search. Trying... /Users/shalini/.cache/selenium/chromedriver/mac64/133.0.6943.141/Google Chrome.app/Contents/MacOS/Google Chrome
[1740697255.027][INFO]: Browser search. Trying... /Users/shalini/.cache/selenium/chromedriver/mac64/133.0.6943.141/Chromium.app/Contents/MacOS/Chromium
[1740697255.028][INFO]: Browser search. Trying... /Users/shalini/Applications/Google Chrome for Testing.app/Contents/MacOS/Google Chrome for Testing
[1740697255.028][INFO]: Browser search. Trying... /Applications/Google Chrome for Testing.app/Contents/MacOS/Google Chrome for Testing
[1740697255.028][INFO]: Browser search. Trying... /Users/shalini/Downloads/google-cloud-sdk/bin/Google Chrome for Testing.app/Contents/MacOS/Google Chrome for Testing
[1740697255.028][INFO]: Browser search. Trying... /Users/shalini/Documents/jdk-23.0.2.jdk/Contents/Home/bin/Google Chrome for Testing.app/Contents/MacOS/Google Chrome for Testing
[1740697255.028][INFO]: Browser search. Trying... /Users/shalini/Documents/apache-maven-3.9.9/bin/Google Chrome for Testing.app/Contents/MacOS/Google Chrome for Testing
[1740697255.028][INFO]: Browser search. Trying... /Users/shalini/.gem/bin/Google Chrome for Testing.app/Contents/MacOS/Google Chrome for Testing
[1740697255.028][INFO]: Browser search. Trying... /Users/shalini/development/flutter/bin/Google Chrome for Testing.app/Contents/MacOS/Google Chrome for Testing
[1740697255.028][INFO]: Browser search. Trying... /Library/Frameworks/Python.framework/Versions/3.12/bin/Google Chrome for Testing.app/Contents/MacOS/Google Chrome for Testing
[1740697255.028][INFO]: Browser search. Trying... /usr/local/bin/Google Chrome for Testing.app/Contents/MacOS/Google Chrome for Testing
[1740697255.028][INFO]: Browser search. Trying... /System/Cryptexes/App/usr/bin/Google Chrome for Testing.app/Contents/MacOS/Google Chrome for Testing
[1740697255.028][INFO]: Browser search. Trying... /usr/bin/Google Chrome for Testing.app/Contents/MacOS/Google Chrome for Testing
[1740697255.028][INFO]: Browser search. Trying... /bin/Google Chrome for Testing.app/Contents/MacOS/Google Chrome for Testing
[1740697255.028][INFO]: Browser search. Trying... /usr/sbin/Google Chrome for Testing.app/Contents/MacOS/Google Chrome for Testing
[1740697255.028][INFO]: Browser search. Trying... /sbin/Google Chrome for Testing.app/Contents/MacOS/Google Chrome for Testing
[1740697255.028][INFO]: Browser search. Trying... /var/run/com.apple.security.cryptexd/codex.system/bootstrap/usr/local/bin/Google Chrome for Testing.app/Contents/MacOS/Google Chrome for Testing
[1740697255.028][INFO]: Browser search. Trying... /var/run/com.apple.security.cryptexd/codex.system/bootstrap/usr/bin/Google Chrome for Testing.app/Contents/MacOS/Google Chrome for Testing
[1740697255.028][INFO]: Browser search. Trying... /var/run/com.apple.security.cryptexd/codex.system/bootstrap/usr/appleinternal/bin/Google Chrome for Testing.app/Contents/MacOS/Google Chrome for Testing
[1740697255.028][INFO]: Browser search. Trying... /Library/Apple/usr/bin/Google Chrome for Testing.app/Contents/MacOS/Google Chrome for Testing
[1740697255.028][INFO]: Browser search. Trying... /Users/shalini/Downloads/google-cloud-sdk/bin/Google Chrome for Testing.app/Contents/MacOS/Google Chrome for Testing
[1740697255.028][INFO]: Browser search. Trying... /Users/shalini/Documents/jdk-23.0.2.jdk/Contents/Home/bin/Google Chrome for Testing.app/Contents/MacOS/Google Chrome for Testing
[1740697255.028][INFO]: Browser search. Trying... /Users/shalini/Documents/apache-maven-3.9.9/bin/Google Chrome for Testing.app/Contents/MacOS/Google Chrome for Testing
[1740697255.028][INFO]: Browser search. Trying... /Users/shalini/.gem/bin/Google Chrome for Testing.app/Contents/MacOS/Google Chrome for Testing
[1740697255.028][INFO]: Browser search. Trying... /Users/shalini/development/flutter/bin/Google Chrome for Testing.app/Contents/MacOS/Google Chrome for Testing
[1740697255.028][INFO]: Browser search. Trying... /Library/Frameworks/Python.framework/Versions/3.12/bin/Google Chrome for Testing.app/Contents/MacOS/Google Chrome for Testing
[1740697255.028][INFO]: Browser search. Trying... /Users/shalini/Applications/Google Chrome for Testing.app/Contents/MacOS/Google Chrome for Testing
[1740697255.028][INFO]: Browser search. Trying... /Applications/Google Chrome for Testing.app/Contents/MacOS/Google Chrome for Testing
[1740697255.028][INFO]: Browser search. Trying... /Users/shalini/Downloads/google-cloud-sdk/bin/Google Chrome for Testing.app/Contents/MacOS/Google Chrome for Testing
[1740697255.028][INFO]: Browser search. Trying... /Users/shalini/Documents/jdk-23.0.2.jdk/Contents/Home/bin/Google Chrome for Testing.app/Contents/MacOS/Google Chrome for Testing
[1740697255.028][INFO]: Browser search. Trying... /Users/shalini/Documents/apache-maven-3.9.9/bin/Google Chrome for Testing.app/Contents/MacOS/Google Chrome for Testing
[1740697255.028][INFO]: Browser search. Trying... /Users/shalini/.gem/bin/Google Chrome for Testing.app/Contents/MacOS/Google Chrome for Testing
[1740697255.028][INFO]: Browser search. Trying... /Users/shalini/development/flutter/bin/Google Chrome for Testing.app/Contents/MacOS/Google Chrome for Testing
[1740697255.028][INFO]: Browser search. Trying... /Library/Frameworks/Python.framework/Versions/3.12/bin/Google Chrome for Testing.app/Contents/MacOS/Google Chrome for Testing
[1740697255.028][INFO]: Browser search. Trying... /usr/local/bin/Google Chrome for Testing.app/Contents/MacOS/Google Chrome for Testing
[1740697255.028][INFO]: Browser search. Trying... /System/Cryptexes/App/usr/bin/Google Chrome for Testing.app/Contents/MacOS/Google Chrome for Testing
[1740697255.028][INFO]: Browser search. Trying... /usr/bin/Google Chrome for Testing.app/Contents/MacOS/Google Chrome for Testing
[1740697255.028][INFO]: Browser search. Trying... /bin/Google Chrome for Testing.app/Contents/MacOS/Google Chrome for Testing
[1740697255.028][INFO]: Browser search. Trying... /usr/sbin/Google Chrome for Testing.app/Contents/MacOS/Google Chrome for Testing
[1740697255.028][INFO]: Browser search. Trying... /sbin/Google Chrome for Testing.app/Contents/MacOS/Google Chrome for Testing
[1740697255.028][INFO]: Browser search. Trying... /var/run/com.apple.security.cryptexd/codex.system/bootstrap/usr/local/bin/Google Chrome for Testing.app/Contents/MacOS/Google Chrome for Testing
[1740697255.028][INFO]: Browser search. Trying... /var/run/com.apple.security.cryptexd/codex.system/bootstrap/usr/bin/Google Chrome for Testing.app/Contents/MacOS/Google Chrome for Testing
[1740697255.028][INFO]: Browser search. Trying... /var/run/com.apple.security.cryptexd/codex.system/bootstrap/usr/appleinternal/bin/Google Chrome for Testing.app/Contents/MacOS/Google Chrome for Testing
[1740697255.028][INFO]: Browser search. Trying... /Library/Apple/usr/bin/Google Chrome for Testing.app/Contents/MacOS/Google Chrome for Testing
[1740697255.028][INFO]: Browser search. Trying... /Users/shalini/Downloads/google-cloud-sdk/bin/Google Chrome for Testing.app/Contents/MacOS/Google Chrome for Testing
[1740697255.028][INFO]: Browser search. Trying... /Users/shalini/Documents/jdk-23.0.2.jdk/Contents/Home/bin/Google Chrome for Testing.app/Contents/MacOS/Google Chrome for Testing
[1740697255.028][INFO]: Browser search. Trying... /Users/shalini/Documents/apache-maven-3.9.9/bin/Google Chrome for Testing.app/Contents/MacOS/Google Chrome for Testing
[1740697255.028][INFO]: Browser search. Trying... /Users/shalini/.gem/bin/Google Chrome for Testing.app/Contents/MacOS/Google Chrome for Testing
[1740697255.028][INFO]: Browser search. Trying... /Users/shalini/development/flutter/bin/Google Chrome for Testing.app/Contents/MacOS/Google Chrome for Testing
[1740697255.028][INFO]: Browser search. Trying... /Library/Frameworks/Python.framework/Versions/3.12/bin/Google Chrome for Testing.app/Contents/MacOS/Google Chrome for Testing
[1740697255.028][INFO]: Browser search. Trying... /Users/shalini/Applications/Google Chrome.app/Contents/MacOS/Google Chrome
[1740697255.028][INFO]: Browser search. Trying... /Applications/Google Chrome.app/Contents/MacOS/Google Chrome
[1740697255.028][INFO]: Browser search. Found at  /Applications/Google Chrome.app/Contents/MacOS/Google Chrome
[1740697255.029][INFO]: Populating Preferences file: {
   "alternate_error_pages": {
      "enabled": false
   },
   "autofill": {
      "enabled": false
   },
   "browser": {
      "check_default_browser": false
   },
   "distribution": {
      "import_bookmarks": false,
      "import_history": false,
      "import_search_engine": false,
      "make_chrome_default_for_user": false,
      "skip_first_run_ui": true
   },
   "dns_prefetching": {
      "enabled": false
   },
   "profile": {
      "content_settings": {
         "pattern_pairs": {
            "https://*,*": {
               "media-stream": {
                  "audio": "Default",
                  "video": "Default"
               }
            }
         }
      },
      "default_content_setting_values": {
         "geolocation": 1
      },
      "default_content_settings": {
         "geolocation": 1,
         "mouselock": 1,
         "notifications": 1,
         "popups": 1,
         "ppapi-broker": 1
      },
      "password_manager_enabled": false
   },
   "safebrowsing": {
      "enabled": false
   },
   "search": {
      "suggest_enabled": false
   },
   "translate": {
      "enabled": false
   }
}
[1740697255.029][INFO]: Populating Local State file: {
   "background_mode": {
      "enabled": false
   },
   "ssl": {
      "rev_checking": {
         "enabled": false
      }
   }
}
[1740697255.029][INFO]: ChromeDriver supports communication with Chrome via pipes. This is more reliable and more secure.
[1740697255.029][INFO]: Use the --remote-debugging-pipe Chrome switch instead of the default --remote-debugging-port to enable this communication mode.
[1740697255.029][INFO]: Launching chrome: /Applications/Google Chrome.app/Contents/MacOS/Google Chrome --allow-pre-commit-input --disable-background-networking --disable-client-side-phishing-detection --disable-default-apps --disable-gpu --disable-hang-monitor --disable-popup-blocking --disable-prompt-on-repost --disable-sync --enable-automation --enable-logging --headless --log-level=0 --no-first-run --no-service-autorun --password-store=basic --remote-debugging-port=0 --test-type=webdriver --use-mock-keychain --user-data-dir=/var/folders/nk/yf408v2j3b3_tjmbk2nmxrp00000gn/T/.org.chromium.Chromium.muH9Ap data:,
[31864:259:0228/043055.490219:ERROR:chrome_browser_main.cc(1143)] The use of Rosetta to run the x64 version of Chromium on Arm is neither tested nor maintained, and unexpected behavior will likely result. Please check that all tools that spawn Chromium are Arm-native.

DevTools listening on ws://127.0.0.1:50398/devtools/browser/b0e4dcca-4259-40ed-a6f4-bd6a12777e20
[1740697258.653][DEBUG]: DevTools HTTP Request: http://localhost:50398/json/version
[1740697258.921][DEBUG]: DevTools HTTP Response: {
   "Browser": "Chrome/133.0.6943.142",
   "Protocol-Version": "1.3",
   "User-Agent": "Mozilla/5.0 (Macintosh; Intel Mac OS X 10_15_7) AppleWebKit/537.36 (KHTML, like Gecko) HeadlessChrome/133.0.0.0 Safari/537.36",
   "V8-Version": "13.3.415.23",
   "WebKit-Version": "537.36 (@f217c2438a8e1f4b9e730de378ce20f754b2c3d0)",
   "webSocketDebuggerUrl": "ws://localhost:50398/devtools/browser/b0e4dcca-4259-40ed-a6f4-bd6a12777e20"
}

[1740697258.922][DEBUG]: DevTools HTTP Request: http://localhost:50398/json/list
[1740697258.944][DEBUG]: DevTools HTTP Response: [ {
   "description": "",
   "devtoolsFrontendUrl": "/devtools/inspector.html?ws=localhost:50398/devtools/page/C3046862278CC0B03D06EFD5FAB3A508",
   "id": "C3046862278CC0B03D06EFD5FAB3A508",
   "title": "",
   "type": "page",
   "url": "data:,",
   "webSocketDebuggerUrl": "ws://localhost:50398/devtools/page/C3046862278CC0B03D06EFD5FAB3A508"
} ]

[1740697258.945][INFO]: resolved localhost to ["::1","127.0.0.1"]
[1740697258.996][DEBUG]: DevTools WebSocket Command: Target.getTargets (id=1) (session_id=) browser {
   "filter": [ {
      "exclude": true,
      "type": "browser"
   }, {
      "exclude": true,
      "type": "page"
   }, {
      "exclude": false
   } ]
}
[1740697259.000][DEBUG]: DevTools WebSocket Response: Target.getTargets (id=1) (session_id=) browser {
   "targetInfos": [ {
      "attached": false,
      "browserContextId": "A6CA4931498F980A1EBAE824BCDC6100",
      "canAccessOpener": false,
      "targetId": "6B3FDB835F7C2A5FB041AD1B450F9610",
      "title": "",
      "type": "tab",
      "url": "data:,"
   } ]
}
[1740697259.000][DEBUG]: DevTools WebSocket Command: Target.attachToTarget (id=2) (session_id=) browser {
   "flatten": true,
   "targetId": "6B3FDB835F7C2A5FB041AD1B450F9610"
}
[1740697259.025][DEBUG]: DevTools WebSocket Event: Target.attachedToTarget (session_id=) browser {
   "sessionId": "3E10A424E92835D7ABE2707ABF5D8058",
   "targetInfo": {
      "attached": true,
      "browserContextId": "A6CA4931498F980A1EBAE824BCDC6100",
      "canAccessOpener": false,
      "targetId": "6B3FDB835F7C2A5FB041AD1B450F9610",
      "title": "",
      "type": "tab",
      "url": "data:,"
   },
   "waitingForDebugger": false
}
[1740697259.025][DEBUG]: DevTools WebSocket Response: Target.attachToTarget (id=2) (session_id=) browser {
   "sessionId": "3E10A424E92835D7ABE2707ABF5D8058"
}
[1740697259.025][DEBUG]: DevTools WebSocket Command: Target.setAutoAttach (id=3) (session_id=3E10A424E92835D7ABE2707ABF5D8058) 6B3FDB835F7C2A5FB041AD1B450F9610 {
   "autoAttach": true,
   "flatten": true,
   "waitForDebuggerOnStart": false
}
[1740697259.032][DEBUG]: DevTools WebSocket Event: Target.attachedToTarget (session_id=3E10A424E92835D7ABE2707ABF5D8058) 6B3FDB835F7C2A5FB041AD1B450F9610 {
   "sessionId": "5E93755B8AD8921CC60198B639135798",
   "targetInfo": {
      "attached": true,
      "browserContextId": "A6CA4931498F980A1EBAE824BCDC6100",
      "canAccessOpener": false,
      "targetId": "C3046862278CC0B03D06EFD5FAB3A508",
      "title": "",
      "type": "page",
      "url": "data:,"
   },
   "waitingForDebugger": false
}
[1740697259.032][DEBUG]: DevTools WebSocket Command: Page.enable (id=4) (session_id=5E93755B8AD8921CC60198B639135798) C3046862278CC0B03D06EFD5FAB3A508 {
}
[1740697259.033][DEBUG]: DevTools WebSocket Command: Page.addScriptToEvaluateOnNewDocument (id=5) (session_id=5E93755B8AD8921CC60198B639135798) C3046862278CC0B03D06EFD5FAB3A508 {
   "source": "(function () {window.cdc_adoQpoasnfa76pfcZLmcfl_Array = window.Array;window.cdc_adoQpoasnfa76pfcZLmcfl_Object = window.Object;window.cdc_adoQpoasnfa76pfcZLmcfl_Promise = window.Promise;window.cdc_a..."
}
[1740697259.033][DEBUG]: DevTools WebSocket Command: Runtime.evaluate (id=6) (session_id=5E93755B8AD8921CC60198B639135798) C3046862278CC0B03D06EFD5FAB3A508 {
   "expression": "(function () {window.cdc_adoQpoasnfa76pfcZLmcfl_Array = window.Array;window.cdc_adoQpoasnfa76pfcZLmcfl_Object = window.Object;window.cdc_adoQpoasnfa76pfcZLmcfl_Promise = window.Promise;window.cdc_a..."
}
[1740697259.034][DEBUG]: DevTools WebSocket Command: Log.enable (id=7) (session_id=5E93755B8AD8921CC60198B639135798) C3046862278CC0B03D06EFD5FAB3A508 {
}
[1740697259.034][DEBUG]: DevTools WebSocket Command: Target.setAutoAttach (id=8) (session_id=5E93755B8AD8921CC60198B639135798) C3046862278CC0B03D06EFD5FAB3A508 {
   "autoAttach": true,
   "flatten": true,
   "waitForDebuggerOnStart": false
}
[1740697259.034][DEBUG]: DevTools WebSocket Response: Target.setAutoAttach (id=3) (session_id=3E10A424E92835D7ABE2707ABF5D8058) 6B3FDB835F7C2A5FB041AD1B450F9610 {
}
[1740697259.121][DEBUG]: DevTools WebSocket Response: Page.enable (id=4) (session_id=5E93755B8AD8921CC60198B639135798) C3046862278CC0B03D06EFD5FAB3A508 {
}
[1740697259.121][DEBUG]: DevTools WebSocket Response: Page.addScriptToEvaluateOnNewDocument (id=5) (session_id=5E93755B8AD8921CC60198B639135798) C3046862278CC0B03D06EFD5FAB3A508 {
   "identifier": "1"
}
[1740697259.124][DEBUG]: DevTools WebSocket Response: Runtime.evaluate (id=6) (session_id=5E93755B8AD8921CC60198B639135798) C3046862278CC0B03D06EFD5FAB3A508 {
   "result": {
      "type": "undefined"
   }
}
[1740697259.124][DEBUG]: DevTools WebSocket Response: Log.enable (id=7) (session_id=5E93755B8AD8921CC60198B639135798) C3046862278CC0B03D06EFD5FAB3A508 {
}
[1740697259.124][DEBUG]: DevTools WebSocket Response: Target.setAutoAttach (id=8) (session_id=5E93755B8AD8921CC60198B639135798) C3046862278CC0B03D06EFD5FAB3A508 {
}
[1740697259.124][DEBUG]: DevTools WebSocket Command: Runtime.enable (id=9) (session_id=5E93755B8AD8921CC60198B639135798) C3046862278CC0B03D06EFD5FAB3A508 {
}
[1740697259.136][DEBUG]: DevTools WebSocket Event: Page.domContentEventFired (session_id=5E93755B8AD8921CC60198B639135798) C3046862278CC0B03D06EFD5FAB3A508 {
   "timestamp": 106972.941001
}
[1740697259.136][DEBUG]: DevTools WebSocket Event: Page.loadEventFired (session_id=5E93755B8AD8921CC60198B639135798) C3046862278CC0B03D06EFD5FAB3A508 {
   "timestamp": 106972.946275
}
[1740697259.136][DEBUG]: DevTools WebSocket Event: Page.frameStoppedLoading (session_id=5E93755B8AD8921CC60198B639135798) C3046862278CC0B03D06EFD5FAB3A508 {
   "frameId": "C3046862278CC0B03D06EFD5FAB3A508"
}
[1740697259.148][DEBUG]: DevTools WebSocket Event: Runtime.executionContextCreated (session_id=5E93755B8AD8921CC60198B639135798) C3046862278CC0B03D06EFD5FAB3A508 {
   "context": {
      "auxData": {
         "frameId": "C3046862278CC0B03D06EFD5FAB3A508",
         "isDefault": true,
         "type": "default"
      },
      "id": 1,
      "name": "",
      "origin": "://",
      "uniqueId": "5772664880087262330.-1814832069906475497"
   }
}
[1740697259.148][DEBUG]: DevTools WebSocket Response: Runtime.enable (id=9) (session_id=5E93755B8AD8921CC60198B639135798) C3046862278CC0B03D06EFD5FAB3A508 {
}
[1740697259.148][DEBUG]: DevTools WebSocket Command: Runtime.enable (id=10) (session_id=5E93755B8AD8921CC60198B639135798) C3046862278CC0B03D06EFD5FAB3A508 {
}
[1740697259.148][DEBUG]: DevTools WebSocket Response: Runtime.enable (id=10) (session_id=5E93755B8AD8921CC60198B639135798) C3046862278CC0B03D06EFD5FAB3A508 {
}
[1740697259.149][INFO]: [b2a9aed80c4643e0c423cd57bd2cbfee] RESPONSE InitSession {
   "capabilities": {
      "acceptInsecureCerts": false,
      "browserName": "chrome",
      "browserVersion": "133.0.6943.142",
      "chrome": {
         "chromedriverVersion": "133.0.6943.141 (2a5d6da0d6165d7b107502095a937fe7704fcef6-refs/branch-heads/6943@{#1912})",
         "userDataDir": "/var/folders/nk/yf408v2j3b3_tjmbk2nmxrp00000gn/T/.org.chromium.Chromium.muH9Ap"
      },
      "fedcm:accounts": true,
      "goog:chromeOptions": {
         "debuggerAddress": "localhost:50398"
      },
      "networkConnectionEnabled": false,
      "pageLoadStrategy": "normal",
      "platformName": "mac",
      "proxy": {
      },
      "setWindowRect": true,
      "strictFileInteractability": false,
      "timeouts": {
         "implicit": 0,
         "pageLoad": 300000,
         "script": 30000
      },
      "unhandledPromptBehavior": "dismiss and notify",
      "webauthn:extension:credBlob": true,
      "webauthn:extension:largeBlob": true,
      "webauthn:extension:minPinLength": true,
      "webauthn:extension:prf": true,
      "webauthn:virtualAuthenticators": true
   },
   "sessionId": "b2a9aed80c4643e0c423cd57bd2cbfee"
}
Feb 28, 2025 4:30:59 AM org.openqa.selenium.remote.ProtocolHandshake createSession
INFO: Detected upstream dialect: W3C
[31864:259:0228/043059.176998:ERROR:devtools_http_handler.cc(771)] Rejected an incoming WebSocket connection from the http://localhost:50398 origin. Use the command line flag --remote-allow-origins=http://localhost:50398 to allow connections from this origin or --remote-allow-origins=* to allow all origins.
Feb 28, 2025 4:30:59 AM org.openqa.selenium.remote.http.WebSocket$Listener onError
WARNING: Invalid Status code=403 text=Forbidden
java.io.IOException: Invalid Status code=403 text=Forbidden
	at org.asynchttpclient.netty.handler.WebSocketHandler.abort(WebSocketHandler.java:92)
	at org.asynchttpclient.netty.handler.WebSocketHandler.handleRead(WebSocketHandler.java:118)
	at org.asynchttpclient.netty.handler.AsyncHttpClientHandler.channelRead(AsyncHttpClientHandler.java:78)
	at io.netty.channel.AbstractChannelHandlerContext.invokeChannelRead(AbstractChannelHandlerContext.java:379)
	at io.netty.channel.AbstractChannelHandlerContext.invokeChannelRead(AbstractChannelHandlerContext.java:365)
	at io.netty.channel.AbstractChannelHandlerContext.fireChannelRead(AbstractChannelHandlerContext.java:357)
	at io.netty.channel.CombinedChannelDuplexHandler$DelegatingChannelHandlerContext.fireChannelRead(CombinedChannelDuplexHandler.java:436)
	at io.netty.handler.codec.ByteToMessageDecoder.fireChannelRead(ByteToMessageDecoder.java:327)
	at io.netty.handler.codec.ByteToMessageDecoder.fireChannelRead(ByteToMessageDecoder.java:314)
	at io.netty.handler.codec.ByteToMessageDecoder.callDecode(ByteToMessageDecoder.java:435)
	at io.netty.handler.codec.ByteToMessageDecoder.channelRead(ByteToMessageDecoder.java:279)
	at io.netty.channel.CombinedChannelDuplexHandler.channelRead(CombinedChannelDuplexHandler.java:251)
	at io.netty.channel.AbstractChannelHandlerContext.invokeChannelRead(AbstractChannelHandlerContext.java:379)
	at io.netty.channel.AbstractChannelHandlerContext.invokeChannelRead(AbstractChannelHandlerContext.java:365)
	at io.netty.channel.AbstractChannelHandlerContext.fireChannelRead(AbstractChannelHandlerContext.java:357)
	at io.netty.channel.DefaultChannelPipeline$HeadContext.channelRead(DefaultChannelPipeline.java:1410)
	at io.netty.channel.AbstractChannelHandlerContext.invokeChannelRead(AbstractChannelHandlerContext.java:379)
	at io.netty.channel.AbstractChannelHandlerContext.invokeChannelRead(AbstractChannelHandlerContext.java:365)
	at io.netty.channel.DefaultChannelPipeline.fireChannelRead(DefaultChannelPipeline.java:919)
	at io.netty.channel.nio.AbstractNioByteChannel$NioByteUnsafe.read(AbstractNioByteChannel.java:166)
	at io.netty.channel.nio.NioEventLoop.processSelectedKey(NioEventLoop.java:722)
	at io.netty.channel.nio.NioEventLoop.processSelectedKeysOptimized(NioEventLoop.java:658)
	at io.netty.channel.nio.NioEventLoop.processSelectedKeys(NioEventLoop.java:584)
	at io.netty.channel.nio.NioEventLoop.run(NioEventLoop.java:496)
	at io.netty.util.concurrent.SingleThreadEventExecutor$4.run(SingleThreadEventExecutor.java:997)
	at io.netty.util.internal.ThreadExecutorMap$2.run(ThreadExecutorMap.java:74)
	at io.netty.util.concurrent.FastThreadLocalRunnable.run(FastThreadLocalRunnable.java:30)
	at java.base/java.lang.Thread.run(Thread.java:1575)

]]></system-err>
  </testcase>
</testsuite>